2025-08-13 11:00:19,139 [INFO] __main__: Initializing database...
2025-08-13 11:00:19,140 [INFO] medical_store_app.config.database: Initializing database tables...
2025-08-13 11:00:19,142 [INFO] medical_store_app.config.database: Database connection established: D:\SAAS\medical_store_app\medical_store_app\data\medical_store.db
2025-08-13 11:00:19,150 [INFO] medical_store_app.config.database: Database initialization completed successfully
2025-08-13 11:00:19,151 [INFO] __main__: Loading application settings...
2025-08-13 11:00:19,152 [INFO] __main__: Starting main application window...
2025-08-13 11:00:19,202 [INFO] medical_store_app.ui.components.sidebar: Active menu item set to: dashboard
2025-08-13 11:00:19,206 [INFO] medical_store_app.ui.components.sidebar: Sidebar navigation component initialized
2025-08-13 11:00:19,222 [INFO] medical_store_app.ui.main_window: Dashboard content displayed
2025-08-13 11:00:19,237 [INFO] medical_store_app.ui.main_window: Main window initialized with header, sidebar area, and content area
2025-08-13 11:00:19,372 [INFO] __main__: Medical Store Management Application started successfully
2025-08-13 11:01:01,260 [INFO] medical_store_app.ui.components.sidebar: Menu item clicked: medicine
2025-08-13 11:01:01,262 [INFO] medical_store_app.ui.components.sidebar: Active menu item set to: medicine
2025-08-13 11:01:01,264 [INFO] medical_store_app.ui.main_window: Menu item selected: medicine
2025-08-13 11:01:01,395 [INFO] medical_store_app.config.database: Database connection established: D:\SAAS\medical_store_app\medical_store_app\data\medical_store.db
2025-08-13 11:01:01,423 [INFO] medical_store_app.ui.components.medicine_table: Refreshed medicine data: 1 medicines loaded
2025-08-13 11:01:01,535 [INFO] medical_store_app.ui.components.medicine_table: Refreshed medicine data: 1 medicines loaded
2025-08-13 11:01:01,536 [INFO] medical_store_app.ui.components.medicine_management: Medicine data refreshed
2025-08-13 11:01:01,536 [INFO] medical_store_app.ui.main_window: Medicine management widget created successfully
2025-08-13 11:01:01,610 [INFO] medical_store_app.ui.components.medicine_table: Refreshed medicine data: 1 medicines loaded
2025-08-13 11:01:01,611 [INFO] medical_store_app.ui.components.medicine_management: Medicine data refreshed
2025-08-13 11:01:01,612 [INFO] medical_store_app.ui.main_window: Medicine management content displayed
2025-08-13 11:01:02,924 [INFO] medical_store_app.ui.components.sidebar: Menu item clicked: billing
2025-08-13 11:01:02,926 [INFO] medical_store_app.ui.components.sidebar: Active menu item set to: billing
2025-08-13 11:01:02,927 [INFO] medical_store_app.ui.main_window: Menu item selected: billing
2025-08-13 11:01:02,934 [INFO] medical_store_app.ui.main_window: Placeholder content displayed: Billing System
2025-08-13 11:01:03,700 [INFO] medical_store_app.ui.components.sidebar: Menu item clicked: reports
2025-08-13 11:01:03,702 [INFO] medical_store_app.ui.components.sidebar: Active menu item set to: reports
2025-08-13 11:01:03,702 [INFO] medical_store_app.ui.main_window: Menu item selected: reports
2025-08-13 11:01:03,705 [INFO] medical_store_app.ui.main_window: Placeholder content displayed: Reports
2025-08-13 11:01:04,188 [INFO] medical_store_app.ui.components.sidebar: Menu item clicked: settings
2025-08-13 11:01:04,190 [INFO] medical_store_app.ui.components.sidebar: Active menu item set to: settings
2025-08-13 11:01:04,191 [INFO] medical_store_app.ui.main_window: Menu item selected: settings
2025-08-13 11:01:04,194 [INFO] medical_store_app.ui.main_window: Placeholder content displayed: Settings
2025-08-13 11:01:04,580 [INFO] medical_store_app.ui.components.sidebar: Menu item clicked: reports
2025-08-13 11:01:04,582 [INFO] medical_store_app.ui.components.sidebar: Active menu item set to: reports
2025-08-13 11:01:04,583 [INFO] medical_store_app.ui.main_window: Menu item selected: reports
2025-08-13 11:01:04,586 [INFO] medical_store_app.ui.main_window: Placeholder content displayed: Reports
2025-08-13 11:01:05,140 [INFO] medical_store_app.ui.components.sidebar: Menu item clicked: medicine
2025-08-13 11:01:05,142 [INFO] medical_store_app.ui.components.sidebar: Active menu item set to: medicine
2025-08-13 11:01:05,143 [INFO] medical_store_app.ui.main_window: Menu item selected: medicine
2025-08-13 11:01:05,155 [INFO] medical_store_app.ui.components.medicine_table: Refreshed medicine data: 1 medicines loaded
2025-08-13 11:01:05,156 [INFO] medical_store_app.ui.components.medicine_management: Medicine data refreshed
2025-08-13 11:01:05,156 [INFO] medical_store_app.ui.main_window: Medicine management content displayed
2025-08-13 11:01:06,204 [INFO] medical_store_app.ui.components.sidebar: Menu item clicked: billing
2025-08-13 11:01:06,206 [INFO] medical_store_app.ui.components.sidebar: Active menu item set to: billing
2025-08-13 11:01:06,207 [INFO] medical_store_app.ui.main_window: Menu item selected: billing
2025-08-13 11:01:06,212 [INFO] medical_store_app.ui.main_window: Placeholder content displayed: Billing System
2025-08-13 11:01:34,948 [INFO] medical_store_app.ui.components.sidebar: Menu item clicked: dashboard
2025-08-13 11:01:34,950 [INFO] medical_store_app.ui.components.sidebar: Active menu item set to: dashboard
2025-08-13 11:01:34,951 [INFO] medical_store_app.ui.main_window: Menu item selected: dashboard
2025-08-13 11:01:34,954 [INFO] medical_store_app.ui.main_window: Dashboard content displayed
2025-08-13 11:01:35,412 [INFO] medical_store_app.ui.components.sidebar: Menu item clicked: medicine
2025-08-13 11:01:35,414 [INFO] medical_store_app.ui.components.sidebar: Active menu item set to: medicine
2025-08-13 11:01:35,414 [INFO] medical_store_app.ui.main_window: Menu item selected: medicine
2025-08-13 11:01:35,425 [INFO] medical_store_app.ui.components.medicine_table: Refreshed medicine data: 1 medicines loaded
2025-08-13 11:01:35,425 [INFO] medical_store_app.ui.components.medicine_management: Medicine data refreshed
2025-08-13 11:01:35,426 [INFO] medical_store_app.ui.main_window: Medicine management content displayed
2025-08-13 11:01:38,647 [INFO] medical_store_app.ui.components.medicine_table: All filters cleared
2025-08-13 11:01:50,106 [INFO] medical_store_app.ui.components.medicine_form: Loaded medicine for editing: Pandole
2025-08-13 11:02:03,409 [ERROR] medical_store_app.ui.components.medicine_management: Error opening edit dialog: 'EditMedicineDialog' object has no attribute 'Accepted'
2025-08-13 11:03:09,908 [INFO] medical_store_app.ui.components.medicine_form: Started add medicine operation
2025-08-13 11:03:09,926 [INFO] medical_store_app.repositories.medicine_repository: Medicine saved successfully: Amoxal (ID: 2)
2025-08-13 11:03:10,001 [INFO] medical_store_app.managers.medicine_manager: Medicine 'Amoxal' added successfully
2025-08-13 11:03:12,261 [INFO] medical_store_app.ui.components.medicine_table: Added medicine to table: Amoxal
2025-08-13 11:03:12,262 [INFO] medical_store_app.ui.main_window: Medicine added: Amoxal
2025-08-13 11:03:12,262 [INFO] medical_store_app.ui.components.medicine_management: Medicine added: Amoxal
2025-08-13 11:03:12,272 [INFO] medical_store_app.ui.components.medicine_form: Medicine form cleared
2025-08-13 11:03:12,273 [INFO] medical_store_app.ui.components.medicine_management: Form operation completed: Medicine 'Amoxal' added successfully
2025-08-13 11:03:12,275 [INFO] medical_store_app.ui.components.medicine_form: Medicine form cleared
2025-08-13 11:03:12,275 [INFO] medical_store_app.ui.components.medicine_form: Medicine operation completed successfully: Medicine 'Amoxal' added successfully
2025-08-13 11:03:23,036 [INFO] medical_store_app.ui.components.medicine_form: Loaded medicine for editing: Pandole
2025-08-13 11:03:52,051 [INFO] medical_store_app.ui.components.medicine_form: Started edit medicine operation
2025-08-13 11:03:52,135 [INFO] medical_store_app.repositories.medicine_repository: Medicine updated successfully: Pandole (ID: 1)
2025-08-13 11:03:52,135 [INFO] medical_store_app.managers.medicine_manager: Medicine 'Pandole' updated successfully
2025-08-13 11:03:53,691 [INFO] medical_store_app.ui.components.medicine_table: Updated medicine in table: Pandole
2025-08-13 11:03:53,692 [INFO] medical_store_app.ui.main_window: Medicine updated: Pandole
2025-08-13 11:03:53,693 [INFO] medical_store_app.ui.components.medicine_management: Medicine updated from dialog: Pandole
2025-08-13 11:03:53,699 [INFO] medical_store_app.ui.dialogs.medicine_dialog: Medicine updated successfully: Medicine 'Pandole' updated successfully
2025-08-13 11:03:53,700 [INFO] medical_store_app.ui.components.medicine_form: Medicine operation completed successfully: Medicine 'Pandole' updated successfully
2025-08-13 11:03:53,702 [ERROR] medical_store_app.ui.components.medicine_management: Error opening edit dialog: 'EditMedicineDialog' object has no attribute 'Accepted'
2025-08-13 11:04:09,478 [INFO] medical_store_app.ui.components.medicine_table: Refreshed medicine data: 2 medicines loaded
2025-08-13 11:04:12,692 [INFO] medical_store_app.ui.components.sidebar: Sidebar toggled: collapsed
2025-08-13 11:04:12,997 [INFO] medical_store_app.ui.main_window: Sidebar collapsed
2025-08-13 11:04:32,933 [INFO] medical_store_app.ui.components.medicine_form: Loaded medicine for editing: Amoxal
2025-08-13 11:04:35,237 [ERROR] medical_store_app.ui.components.medicine_management: Error opening edit dialog: 'EditMedicineDialog' object has no attribute 'Accepted'
2025-08-13 11:04:42,508 [INFO] medical_store_app.ui.components.medicine_form: Medicine form cleared
2025-08-13 11:04:44,491 [INFO] medical_store_app.ui.components.sidebar: Menu item clicked: billing
2025-08-13 11:04:44,493 [INFO] medical_store_app.ui.components.sidebar: Active menu item set to: billing
2025-08-13 11:04:44,493 [INFO] medical_store_app.ui.main_window: Menu item selected: billing
2025-08-13 11:04:44,497 [INFO] medical_store_app.ui.main_window: Placeholder content displayed: Billing System
2025-08-13 11:04:48,442 [INFO] medical_store_app.ui.components.sidebar: Menu item clicked: medicine
2025-08-13 11:04:48,444 [INFO] medical_store_app.ui.components.sidebar: Active menu item set to: medicine
2025-08-13 11:04:48,445 [INFO] medical_store_app.ui.main_window: Menu item selected: medicine
2025-08-13 11:04:48,458 [INFO] medical_store_app.ui.components.medicine_table: Refreshed medicine data: 2 medicines loaded
2025-08-13 11:04:48,459 [INFO] medical_store_app.ui.components.medicine_management: Medicine data refreshed
2025-08-13 11:04:48,460 [INFO] medical_store_app.ui.main_window: Medicine management content displayed
2025-08-13 11:04:55,602 [INFO] medical_store_app.ui.components.medicine_form: Loaded medicine for editing: Amoxal
2025-08-13 11:05:07,323 [INFO] medical_store_app.ui.components.medicine_form: Started edit medicine operation
2025-08-13 11:05:07,395 [INFO] medical_store_app.repositories.medicine_repository: Medicine updated successfully: Amoxal (ID: 2)
2025-08-13 11:05:07,397 [INFO] medical_store_app.managers.medicine_manager: Medicine 'Amoxal' updated successfully
2025-08-13 11:05:08,911 [INFO] medical_store_app.ui.components.medicine_table: Updated medicine in table: Amoxal
2025-08-13 11:05:08,912 [INFO] medical_store_app.ui.main_window: Medicine updated: Amoxal
2025-08-13 11:05:08,913 [INFO] medical_store_app.ui.components.medicine_management: Medicine updated from dialog: Amoxal
2025-08-13 11:05:08,921 [INFO] medical_store_app.ui.dialogs.medicine_dialog: Medicine updated successfully: Medicine 'Amoxal' updated successfully
2025-08-13 11:05:08,921 [INFO] medical_store_app.ui.components.medicine_form: Medicine operation completed successfully: Medicine 'Amoxal' updated successfully
2025-08-13 11:05:08,923 [ERROR] medical_store_app.ui.components.medicine_management: Error opening edit dialog: 'EditMedicineDialog' object has no attribute 'Accepted'
2025-08-13 11:05:32,015 [INFO] medical_store_app.ui.components.medicine_form: Loaded medicine for editing: Amoxal
2025-08-13 11:06:28,691 [INFO] medical_store_app.ui.components.medicine_form: Started edit medicine operation
2025-08-13 11:06:28,758 [INFO] medical_store_app.repositories.medicine_repository: Medicine updated successfully: Amoxal (ID: 2)
2025-08-13 11:06:28,759 [INFO] medical_store_app.managers.medicine_manager: Medicine 'Amoxal' updated successfully
2025-08-13 11:06:30,165 [INFO] medical_store_app.ui.components.medicine_table: Updated medicine in table: Amoxal
2025-08-13 11:06:30,166 [INFO] medical_store_app.ui.main_window: Medicine updated: Amoxal
2025-08-13 11:06:30,166 [INFO] medical_store_app.ui.components.medicine_management: Medicine updated from dialog: Amoxal
2025-08-13 11:06:30,174 [INFO] medical_store_app.ui.dialogs.medicine_dialog: Medicine updated successfully: Medicine 'Amoxal' updated successfully
2025-08-13 11:06:30,175 [INFO] medical_store_app.ui.components.medicine_form: Medicine operation completed successfully: Medicine 'Amoxal' updated successfully
2025-08-13 11:06:30,176 [ERROR] medical_store_app.ui.components.medicine_management: Error opening edit dialog: 'EditMedicineDialog' object has no attribute 'Accepted'
2025-08-13 11:07:31,737 [INFO] medical_store_app.ui.components.medicine_table: Auto-refresh enabled
2025-08-13 11:07:32,177 [INFO] medical_store_app.ui.components.medicine_table: Auto-refresh disabled
2025-08-13 11:07:35,689 [INFO] medical_store_app.ui.main_window: Application closing...
2025-08-13 11:09:11,295 [INFO] __main__: Initializing database...
2025-08-13 11:09:11,296 [INFO] medical_store_app.config.database: Initializing database tables...
2025-08-13 11:09:11,297 [INFO] medical_store_app.config.database: Database connection established: D:\SAAS\medical_store_app\medical_store_app\data\medical_store.db
2025-08-13 11:09:11,300 [INFO] medical_store_app.config.database: Database initialization completed successfully
2025-08-13 11:09:11,300 [INFO] __main__: Loading application settings...
2025-08-13 11:09:11,301 [INFO] __main__: Starting main application window...
2025-08-13 11:09:11,334 [INFO] medical_store_app.ui.components.sidebar: Active menu item set to: dashboard
2025-08-13 11:09:11,338 [INFO] medical_store_app.ui.components.sidebar: Sidebar navigation component initialized
2025-08-13 11:09:11,357 [INFO] medical_store_app.ui.main_window: Dashboard content displayed
2025-08-13 11:09:11,363 [INFO] medical_store_app.ui.main_window: Main window initialized with header, sidebar area, and content area
2025-08-13 11:09:11,479 [INFO] __main__: Medical Store Management Application started successfully
2025-08-13 11:09:17,137 [INFO] medical_store_app.ui.components.sidebar: Menu item clicked: medicine
2025-08-13 11:09:17,138 [INFO] medical_store_app.ui.components.sidebar: Active menu item set to: medicine
2025-08-13 11:09:17,139 [INFO] medical_store_app.ui.main_window: Menu item selected: medicine
2025-08-13 11:09:17,260 [INFO] medical_store_app.config.database: Database connection established: D:\SAAS\medical_store_app\medical_store_app\data\medical_store.db
2025-08-13 11:09:17,289 [INFO] medical_store_app.ui.components.medicine_table: Refreshed medicine data: 2 medicines loaded
2025-08-13 11:09:17,398 [INFO] medical_store_app.ui.components.medicine_table: Refreshed medicine data: 2 medicines loaded
2025-08-13 11:09:17,399 [INFO] medical_store_app.ui.components.medicine_management: Medicine data refreshed
2025-08-13 11:09:17,400 [INFO] medical_store_app.ui.main_window: Medicine management widget created successfully
2025-08-13 11:09:17,475 [INFO] medical_store_app.ui.components.medicine_table: Refreshed medicine data: 2 medicines loaded
2025-08-13 11:09:17,476 [INFO] medical_store_app.ui.components.medicine_management: Medicine data refreshed
2025-08-13 11:09:17,476 [INFO] medical_store_app.ui.main_window: Medicine management content displayed
2025-08-13 11:09:30,162 [INFO] medical_store_app.ui.components.sidebar: Sidebar toggled: collapsed
2025-08-13 11:09:30,468 [INFO] medical_store_app.ui.main_window: Sidebar collapsed
2025-08-13 11:10:03,726 [INFO] medical_store_app.repositories.medicine_repository: Medicine deleted successfully (ID: 2)
2025-08-13 11:10:03,726 [INFO] medical_store_app.managers.medicine_manager: Medicine 'Amoxal' deleted successfully
2025-08-13 11:10:05,091 [INFO] medical_store_app.ui.components.medicine_table: Removed medicine from table: ID 2
2025-08-13 11:10:05,092 [INFO] medical_store_app.ui.main_window: Medicine deleted: ID 2
2025-08-13 11:10:05,092 [INFO] medical_store_app.ui.components.medicine_management: Medicine deleted from dialog: ID 2
2025-08-13 11:10:05,099 [INFO] medical_store_app.ui.dialogs.medicine_dialog: Medicine deleted successfully: Medicine 'Amoxal' deleted successfully
2025-08-13 11:10:05,102 [INFO] medical_store_app.ui.components.medicine_management: Medicine delete dialog completed for: Amoxal
2025-08-13 11:10:12,113 [WARNING] medical_store_app.managers.medicine_manager: Medicine with ID 2 not found
2025-08-13 11:10:14,422 [ERROR] medical_store_app.ui.dialogs.medicine_dialog: Medicine deletion failed: Medicine with ID 2 not found
2025-08-13 11:10:15,352 [WARNING] medical_store_app.managers.medicine_manager: Medicine with ID 2 not found
2025-08-13 11:10:16,318 [ERROR] medical_store_app.ui.dialogs.medicine_dialog: Medicine deletion failed: Medicine with ID 2 not found
2025-08-13 11:10:17,158 [INFO] medical_store_app.ui.components.medicine_management: Medicine delete dialog cancelled for: Amoxal
2025-08-13 11:13:12,670 [INFO] medical_store_app.ui.components.medicine_table: Refreshed medicine data: 1 medicines loaded
2025-08-13 11:13:13,647 [INFO] medical_store_app.ui.components.medicine_table: Auto-refresh enabled
2025-08-13 11:13:17,007 [WARNING] medical_store_app.managers.medicine_manager: Medicine with ID 2 not found
2025-08-13 11:13:20,540 [ERROR] medical_store_app.ui.dialogs.medicine_dialog: Medicine deletion failed: Medicine with ID 2 not found
2025-08-13 11:13:21,324 [INFO] medical_store_app.ui.components.medicine_management: Medicine delete dialog cancelled for: Amoxal
2025-08-13 11:13:43,664 [INFO] medical_store_app.ui.components.medicine_table: Refreshed medicine data: 1 medicines loaded
2025-08-13 11:13:47,084 [INFO] medical_store_app.ui.components.medicine_management: Medicine delete dialog cancelled for: Amoxal
2025-08-13 11:13:48,996 [INFO] medical_store_app.ui.components.medicine_form: Medicine form cleared
2025-08-13 11:13:50,767 [INFO] medical_store_app.ui.components.sidebar: Menu item clicked: dashboard
2025-08-13 11:13:50,769 [INFO] medical_store_app.ui.components.sidebar: Active menu item set to: dashboard
2025-08-13 11:13:50,769 [INFO] medical_store_app.ui.main_window: Menu item selected: dashboard
2025-08-13 11:13:50,775 [INFO] medical_store_app.ui.main_window: Dashboard content displayed
2025-08-13 11:13:51,375 [INFO] medical_store_app.ui.components.sidebar: Menu item clicked: medicine
2025-08-13 11:13:51,377 [INFO] medical_store_app.ui.components.sidebar: Active menu item set to: medicine
2025-08-13 11:13:51,377 [INFO] medical_store_app.ui.main_window: Menu item selected: medicine
2025-08-13 11:13:51,384 [INFO] medical_store_app.ui.components.medicine_table: Refreshed medicine data: 1 medicines loaded
2025-08-13 11:13:51,385 [INFO] medical_store_app.ui.components.medicine_management: Medicine data refreshed
2025-08-13 11:13:51,386 [INFO] medical_store_app.ui.main_window: Medicine management content displayed
2025-08-13 11:13:53,132 [INFO] medical_store_app.ui.components.medicine_table: Refreshed medicine data: 1 medicines loaded
2025-08-13 11:13:53,293 [INFO] medical_store_app.ui.components.medicine_table: Refreshed medicine data: 1 medicines loaded
2025-08-13 11:13:53,461 [INFO] medical_store_app.ui.components.medicine_table: Refreshed medicine data: 1 medicines loaded
2025-08-13 11:13:53,622 [INFO] medical_store_app.ui.components.medicine_table: Refreshed medicine data: 1 medicines loaded
2025-08-13 11:13:53,780 [INFO] medical_store_app.ui.components.medicine_table: Refreshed medicine data: 1 medicines loaded
2025-08-13 11:13:53,948 [INFO] medical_store_app.ui.components.medicine_table: Refreshed medicine data: 1 medicines loaded
2025-08-13 11:13:54,132 [INFO] medical_store_app.ui.components.medicine_table: Refreshed medicine data: 1 medicines loaded
2025-08-13 11:13:57,277 [INFO] medical_store_app.ui.components.medicine_management: Medicine delete dialog cancelled for: Amoxal
2025-08-13 11:14:13,652 [INFO] medical_store_app.ui.components.medicine_table: Refreshed medicine data: 1 medicines loaded
2025-08-13 11:14:25,236 [INFO] medical_store_app.ui.components.medicine_table: Refreshed medicine data: 1 medicines loaded
2025-08-13 11:14:25,398 [INFO] medical_store_app.ui.components.medicine_table: Refreshed medicine data: 1 medicines loaded
2025-08-13 11:14:25,758 [INFO] medical_store_app.ui.components.medicine_table: Auto-refresh disabled
2025-08-13 11:14:26,796 [INFO] medical_store_app.ui.main_window: Application closing...
2025-08-13 11:14:49,516 [INFO] __main__: Initializing database...
2025-08-13 11:14:49,518 [INFO] medical_store_app.config.database: Initializing database tables...
2025-08-13 11:14:49,522 [INFO] medical_store_app.config.database: Database connection established: D:\SAAS\medical_store_app\medical_store_app\data\medical_store.db
2025-08-13 11:14:49,524 [INFO] medical_store_app.config.database: Database initialization completed successfully
2025-08-13 11:14:49,525 [INFO] __main__: Loading application settings...
2025-08-13 11:14:49,525 [INFO] __main__: Starting main application window...
2025-08-13 11:14:49,558 [INFO] medical_store_app.ui.components.sidebar: Active menu item set to: dashboard
2025-08-13 11:14:49,561 [INFO] medical_store_app.ui.components.sidebar: Sidebar navigation component initialized
2025-08-13 11:14:49,578 [INFO] medical_store_app.ui.main_window: Dashboard content displayed
2025-08-13 11:14:49,591 [INFO] medical_store_app.ui.main_window: Main window initialized with header, sidebar area, and content area
2025-08-13 11:14:49,688 [INFO] __main__: Medical Store Management Application started successfully
2025-08-13 11:14:51,287 [INFO] medical_store_app.ui.components.sidebar: Menu item clicked: medicine
2025-08-13 11:14:51,288 [INFO] medical_store_app.ui.components.sidebar: Active menu item set to: medicine
2025-08-13 11:14:51,289 [INFO] medical_store_app.ui.main_window: Menu item selected: medicine
2025-08-13 11:14:51,411 [INFO] medical_store_app.config.database: Database connection established: D:\SAAS\medical_store_app\medical_store_app\data\medical_store.db
2025-08-13 11:14:51,440 [INFO] medical_store_app.ui.components.medicine_table: Refreshed medicine data: 1 medicines loaded
2025-08-13 11:14:51,546 [INFO] medical_store_app.ui.components.medicine_table: Refreshed medicine data: 1 medicines loaded
2025-08-13 11:14:51,546 [INFO] medical_store_app.ui.components.medicine_management: Medicine data refreshed
2025-08-13 11:14:51,547 [INFO] medical_store_app.ui.main_window: Medicine management widget created successfully
2025-08-13 11:14:51,621 [INFO] medical_store_app.ui.components.medicine_table: Refreshed medicine data: 1 medicines loaded
2025-08-13 11:14:51,622 [INFO] medical_store_app.ui.components.medicine_management: Medicine data refreshed
2025-08-13 11:14:51,623 [INFO] medical_store_app.ui.main_window: Medicine management content displayed
2025-08-13 11:14:53,655 [INFO] medical_store_app.ui.components.sidebar: Sidebar toggled: collapsed
2025-08-13 11:14:53,960 [INFO] medical_store_app.ui.main_window: Sidebar collapsed
2025-08-13 11:14:57,766 [INFO] medical_store_app.repositories.medicine_repository: Medicine deleted successfully (ID: 1)
2025-08-13 11:14:57,779 [INFO] medical_store_app.managers.medicine_manager: Medicine 'Pandole' deleted successfully
2025-08-13 11:14:58,813 [INFO] medical_store_app.ui.components.medicine_table: Removed medicine from table: ID 1
2025-08-13 11:14:58,814 [INFO] medical_store_app.ui.main_window: Medicine deleted: ID 1
2025-08-13 11:14:58,815 [INFO] medical_store_app.ui.components.medicine_management: Medicine deleted from dialog: ID 1
2025-08-13 11:14:58,822 [INFO] medical_store_app.ui.dialogs.medicine_dialog: Medicine deleted successfully: Medicine 'Pandole' deleted successfully
2025-08-13 11:14:58,824 [INFO] medical_store_app.ui.components.medicine_management: Medicine delete dialog completed for: Pandole
2025-08-13 11:15:15,945 [INFO] medical_store_app.ui.components.medicine_form: Started add medicine operation
2025-08-13 11:15:15,948 [INFO] medical_store_app.repositories.medicine_repository: Medicine saved successfully: Panadol (ID: 3)
2025-08-13 11:15:16,024 [INFO] medical_store_app.managers.medicine_manager: Medicine 'Panadol' added successfully
2025-08-13 11:15:17,057 [INFO] medical_store_app.ui.components.medicine_table: Added medicine to table: Panadol
2025-08-13 11:15:17,058 [INFO] medical_store_app.ui.main_window: Medicine added: Panadol
2025-08-13 11:15:17,059 [INFO] medical_store_app.ui.components.medicine_management: Medicine added: Panadol
2025-08-13 11:15:17,068 [INFO] medical_store_app.ui.components.medicine_form: Medicine form cleared
2025-08-13 11:15:17,069 [INFO] medical_store_app.ui.components.medicine_management: Form operation completed: Medicine 'Panadol' added successfully
2025-08-13 11:15:17,071 [INFO] medical_store_app.ui.components.medicine_form: Medicine form cleared
2025-08-13 11:15:17,072 [INFO] medical_store_app.ui.components.medicine_form: Medicine operation completed successfully: Medicine 'Panadol' added successfully
2025-08-13 11:15:22,770 [INFO] medical_store_app.ui.components.medicine_form: Loaded medicine for editing: Panadol
2025-08-13 11:15:31,992 [INFO] medical_store_app.ui.components.medicine_form: Started edit medicine operation
2025-08-13 11:15:32,075 [INFO] medical_store_app.repositories.medicine_repository: Medicine updated successfully: Panadol (ID: 3)
2025-08-13 11:15:32,076 [INFO] medical_store_app.managers.medicine_manager: Medicine 'Panadol' updated successfully
2025-08-13 11:15:33,467 [INFO] medical_store_app.ui.components.medicine_table: Updated medicine in table: Panadol
2025-08-13 11:15:33,468 [INFO] medical_store_app.ui.main_window: Medicine updated: Panadol
2025-08-13 11:15:33,469 [INFO] medical_store_app.ui.components.medicine_management: Medicine updated from dialog: Panadol
2025-08-13 11:15:33,480 [INFO] medical_store_app.ui.dialogs.medicine_dialog: Medicine updated successfully: Medicine 'Panadol' updated successfully
2025-08-13 11:15:33,481 [INFO] medical_store_app.ui.components.medicine_form: Medicine operation completed successfully: Medicine 'Panadol' updated successfully
2025-08-13 11:15:33,482 [INFO] medical_store_app.ui.components.medicine_management: Medicine edit dialog completed for: Panadol
2025-08-13 11:16:14,103 [INFO] medical_store_app.ui.components.medicine_form: Started add medicine operation
2025-08-13 11:16:14,105 [INFO] medical_store_app.repositories.medicine_repository: Medicine saved successfully: Amoxal (ID: 4)
2025-08-13 11:16:14,176 [INFO] medical_store_app.managers.medicine_manager: Medicine 'Amoxal' added successfully
2025-08-13 11:16:16,046 [INFO] medical_store_app.ui.components.medicine_table: Added medicine to table: Amoxal
2025-08-13 11:16:16,047 [INFO] medical_store_app.ui.main_window: Medicine added: Amoxal
2025-08-13 11:16:16,048 [INFO] medical_store_app.ui.components.medicine_management: Medicine added: Amoxal
2025-08-13 11:16:16,055 [INFO] medical_store_app.ui.components.medicine_form: Medicine form cleared
2025-08-13 11:16:16,057 [INFO] medical_store_app.ui.components.medicine_management: Form operation completed: Medicine 'Amoxal' added successfully
2025-08-13 11:16:16,059 [INFO] medical_store_app.ui.components.medicine_form: Medicine form cleared
2025-08-13 11:16:16,060 [INFO] medical_store_app.ui.components.medicine_form: Medicine operation completed successfully: Medicine 'Amoxal' added successfully
2025-08-13 11:16:31,757 [INFO] medical_store_app.ui.components.medicine_table: All filters cleared
2025-08-13 11:17:08,528 [INFO] medical_store_app.ui.components.medicine_table: All filters cleared
2025-08-13 11:18:00,329 [INFO] medical_store_app.ui.main_window: Application closing...
2025-08-13 11:19:10,816 [INFO] __main__: Initializing database...
2025-08-13 11:19:10,817 [INFO] medical_store_app.config.database: Initializing database tables...
2025-08-13 11:19:10,819 [INFO] medical_store_app.config.database: Database connection established: D:\SAAS\medical_store_app\medical_store_app\data\medical_store.db
2025-08-13 11:19:10,821 [INFO] medical_store_app.config.database: Database initialization completed successfully
2025-08-13 11:19:10,822 [INFO] __main__: Loading application settings...
2025-08-13 11:19:10,822 [INFO] __main__: Starting main application window...
2025-08-13 11:19:10,868 [INFO] medical_store_app.ui.components.sidebar: Active menu item set to: dashboard
2025-08-13 11:19:10,870 [INFO] medical_store_app.ui.components.sidebar: Sidebar navigation component initialized
2025-08-13 11:19:10,880 [INFO] medical_store_app.ui.main_window: Dashboard content displayed
2025-08-13 11:19:10,887 [INFO] medical_store_app.ui.main_window: Main window initialized with header, sidebar area, and content area
2025-08-13 11:19:10,980 [INFO] __main__: Medical Store Management Application started successfully
2025-08-13 11:19:12,445 [INFO] medical_store_app.ui.components.sidebar: Menu item clicked: medicine
2025-08-13 11:19:12,447 [INFO] medical_store_app.ui.components.sidebar: Active menu item set to: medicine
2025-08-13 11:19:12,447 [INFO] medical_store_app.ui.main_window: Menu item selected: medicine
2025-08-13 11:19:12,559 [INFO] medical_store_app.config.database: Database connection established: D:\SAAS\medical_store_app\medical_store_app\data\medical_store.db
2025-08-13 11:19:12,584 [INFO] medical_store_app.ui.components.medicine_table: Refreshed medicine data: 2 medicines loaded
2025-08-13 11:19:12,676 [INFO] medical_store_app.ui.components.medicine_table: Refreshed medicine data: 2 medicines loaded
2025-08-13 11:19:12,677 [INFO] medical_store_app.ui.components.medicine_management: Medicine data refreshed
2025-08-13 11:19:12,678 [INFO] medical_store_app.ui.main_window: Medicine management widget created successfully
2025-08-13 11:19:12,766 [INFO] medical_store_app.ui.components.medicine_table: Refreshed medicine data: 2 medicines loaded
2025-08-13 11:19:12,767 [INFO] medical_store_app.ui.components.medicine_management: Medicine data refreshed
2025-08-13 11:19:12,767 [INFO] medical_store_app.ui.main_window: Medicine management content displayed
2025-08-13 11:19:14,366 [INFO] medical_store_app.ui.components.sidebar: Sidebar toggled: collapsed
2025-08-13 11:19:14,670 [INFO] medical_store_app.ui.main_window: Sidebar collapsed
2025-08-13 11:24:35,376 [INFO] medical_store_app.ui.main_window: Application closing...
